  Proyecto.cpp
D:\User\Progreamming\UNAM\CG\Proyecto\ComputacionGrafica\Project1\Proyecto.cpp(113,30): warning C4244: 'initializing': conversion from 'double' to 'GLfloat', possible loss of data
D:\User\Progreamming\UNAM\CG\Proyecto\ComputacionGrafica\Project1\Proyecto.cpp(216,17): warning C4244: '=': conversion from 'double' to 'GLfloat', possible loss of data
D:\User\Progreamming\UNAM\CG\Proyecto\ComputacionGrafica\Project1\Proyecto.cpp(217,17): warning C4244: '=': conversion from 'double' to 'GLfloat', possible loss of data
D:\User\Progreamming\UNAM\CG\Proyecto\ComputacionGrafica\Project1\Proyecto.cpp(221,21): warning C4244: 'initializing': conversion from 'double' to 'GLfloat', possible loss of data
D:\User\Progreamming\UNAM\CG\Proyecto\ComputacionGrafica\Project1\Proyecto.cpp(222,21): warning C4244: 'initializing': conversion from 'double' to 'GLfloat', possible loss of data
D:\User\Progreamming\UNAM\CG\Proyecto\ComputacionGrafica\Project1\Proyecto.cpp(224,13): warning C4244: '=': conversion from 'double' to 'GLfloat', possible loss of data
D:\User\Progreamming\UNAM\CG\Proyecto\ComputacionGrafica\Project1\Proyecto.cpp(225,13): warning C4244: '=': conversion from 'double' to 'GLfloat', possible loss of data
soil2-debug.lib(SOIL2.obj) : warning LNK4075: ignoring '/EDITANDCONTINUE' due to '/OPT:ICF' specification
LINK : warning LNK4098: defaultlib 'MSVCRTD' conflicts with use of other libs; use /NODEFAULTLIB:library
  Generating code
  1 of 575 functions ( 0.2%) were compiled, the rest were copied from previous compilation.
    0 functions were new in current compilation
    0 functions had inline decision re-evaluated but remain unchanged
  Finished generating code
soil2-debug.lib(etc1_utils.obj) : warning LNK4099: PDB '' was not found with 'soil2-debug.lib(etc1_utils.obj)' or at ''; linking object as if no debug info
soil2-debug.lib(image_DXT.obj) : warning LNK4099: PDB 'soil2-debug.pdb' was not found with 'soil2-debug.lib(image_DXT.obj)' or at 'D:\User\Progreamming\UNAM\CG\Proyecto\ComputacionGrafica\Release\soil2-debug.pdb'; linking object as if no debug info
soil2-debug.lib(image_helper.obj) : warning LNK4099: PDB '' was not found with 'soil2-debug.lib(image_helper.obj)' or at ''; linking object as if no debug info
soil2-debug.lib(SOIL2.obj) : warning LNK4099: PDB 'soil2-debug.pdb' was not found with 'soil2-debug.lib(SOIL2.obj)' or at 'D:\User\Progreamming\UNAM\CG\Proyecto\ComputacionGrafica\Release\soil2-debug.pdb'; linking object as if no debug info
  Project1.vcxproj -> D:\User\Progreamming\UNAM\CG\Proyecto\ComputacionGrafica\Release\Project1.exe
